F:\KURUI\TRUNK\HZ_DDZ\COCOS2D\COCOS\EDITOR-SUPPORT\SPINE\PROJ.WIN32\DEBUG.WIN32\VC110.PDB
F:\KURUI\TRUNK\HZ_DDZ\COCOS2D\COCOS\EDITOR-SUPPORT\SPINE\PROJ.WIN32\DEBUG.WIN32\SPINE-COCOS2DX.OBJ
F:\KURUI\TRUNK\HZ_DDZ\COCOS2D\COCOS\EDITOR-SUPPORT\SPINE\PROJ.WIN32\DEBUG.WIN32\SKELETONANIMATION.OBJ
F:\KURUI\TRUNK\HZ_DDZ\COCOS2D\COCOS\EDITOR-SUPPORT\SPINE\PROJ.WIN32\DEBUG.WIN32\POLYGONBATCH.OBJ
F:\KURUI\TRUNK\HZ_DDZ\COCOS2D\COCOS\EDITOR-SUPPORT\SPINE\PROJ.WIN32\DEBUG.WIN32\SKELETONRENDERER.OBJ
F:\KURUI\TRUNK\HZ_DDZ\PROJ.WIN32\DEBUG.WIN32\LIBSPINE.LIB
F:\kurui\trunk\HZ_DDZ\cocos2d\cocos\editor-support\spine\proj.win32\Debug.win32\Animation.obj
F:\kurui\trunk\HZ_DDZ\cocos2d\cocos\editor-support\spine\proj.win32\Debug.win32\AnimationState.obj
F:\kurui\trunk\HZ_DDZ\cocos2d\cocos\editor-support\spine\proj.win32\Debug.win32\AnimationStateData.obj
F:\kurui\trunk\HZ_DDZ\cocos2d\cocos\editor-support\spine\proj.win32\Debug.win32\Atlas.obj
F:\kurui\trunk\HZ_DDZ\cocos2d\cocos\editor-support\spine\proj.win32\Debug.win32\AtlasAttachmentLoader.obj
F:\kurui\trunk\HZ_DDZ\cocos2d\cocos\editor-support\spine\proj.win32\Debug.win32\Attachment.obj
F:\kurui\trunk\HZ_DDZ\cocos2d\cocos\editor-support\spine\proj.win32\Debug.win32\AttachmentLoader.obj
F:\kurui\trunk\HZ_DDZ\cocos2d\cocos\editor-support\spine\proj.win32\Debug.win32\Bone.obj
F:\kurui\trunk\HZ_DDZ\cocos2d\cocos\editor-support\spine\proj.win32\Debug.win32\BoneData.obj
F:\kurui\trunk\HZ_DDZ\cocos2d\cocos\editor-support\spine\proj.win32\Debug.win32\BoundingBoxAttachment.obj
F:\kurui\trunk\HZ_DDZ\cocos2d\cocos\editor-support\spine\proj.win32\Debug.win32\Event.obj
F:\kurui\trunk\HZ_DDZ\cocos2d\cocos\editor-support\spine\proj.win32\Debug.win32\EventData.obj
F:\kurui\trunk\HZ_DDZ\cocos2d\cocos\editor-support\spine\proj.win32\Debug.win32\extension.obj
F:\kurui\trunk\HZ_DDZ\cocos2d\cocos\editor-support\spine\proj.win32\Debug.win32\IkConstraint.obj
F:\kurui\trunk\HZ_DDZ\cocos2d\cocos\editor-support\spine\proj.win32\Debug.win32\IkConstraintData.obj
F:\kurui\trunk\HZ_DDZ\cocos2d\cocos\editor-support\spine\proj.win32\Debug.win32\Json.obj
F:\kurui\trunk\HZ_DDZ\cocos2d\cocos\editor-support\spine\proj.win32\Debug.win32\MeshAttachment.obj
F:\kurui\trunk\HZ_DDZ\cocos2d\cocos\editor-support\spine\proj.win32\Debug.win32\PolygonBatch.obj
F:\kurui\trunk\HZ_DDZ\cocos2d\cocos\editor-support\spine\proj.win32\Debug.win32\RegionAttachment.obj
F:\kurui\trunk\HZ_DDZ\cocos2d\cocos\editor-support\spine\proj.win32\Debug.win32\Skeleton.obj
F:\kurui\trunk\HZ_DDZ\cocos2d\cocos\editor-support\spine\proj.win32\Debug.win32\SkeletonAnimation.obj
F:\kurui\trunk\HZ_DDZ\cocos2d\cocos\editor-support\spine\proj.win32\Debug.win32\SkeletonBounds.obj
F:\kurui\trunk\HZ_DDZ\cocos2d\cocos\editor-support\spine\proj.win32\Debug.win32\SkeletonData.obj
F:\kurui\trunk\HZ_DDZ\cocos2d\cocos\editor-support\spine\proj.win32\Debug.win32\SkeletonJson.obj
F:\kurui\trunk\HZ_DDZ\cocos2d\cocos\editor-support\spine\proj.win32\Debug.win32\SkeletonRenderer.obj
F:\kurui\trunk\HZ_DDZ\cocos2d\cocos\editor-support\spine\proj.win32\Debug.win32\Skin.obj
F:\kurui\trunk\HZ_DDZ\cocos2d\cocos\editor-support\spine\proj.win32\Debug.win32\SkinnedMeshAttachment.obj
F:\kurui\trunk\HZ_DDZ\cocos2d\cocos\editor-support\spine\proj.win32\Debug.win32\Slot.obj
F:\kurui\trunk\HZ_DDZ\cocos2d\cocos\editor-support\spine\proj.win32\Debug.win32\SlotData.obj
F:\kurui\trunk\HZ_DDZ\cocos2d\cocos\editor-support\spine\proj.win32\Debug.win32\spine-cocos2dx.obj
F:\kurui\trunk\HZ_DDZ\cocos2d\cocos\editor-support\spine\proj.win32\Debug.win32\CL.14676.read.1.tlog
F:\kurui\trunk\HZ_DDZ\cocos2d\cocos\editor-support\spine\proj.win32\Debug.win32\CL.14676.write.1.tlog
F:\kurui\trunk\HZ_DDZ\cocos2d\cocos\editor-support\spine\proj.win32\Debug.win32\CL.15424.read.1.tlog
F:\kurui\trunk\HZ_DDZ\cocos2d\cocos\editor-support\spine\proj.win32\Debug.win32\CL.15424.write.1.tlog
F:\kurui\trunk\HZ_DDZ\cocos2d\cocos\editor-support\spine\proj.win32\Debug.win32\CL.16524.read.1.tlog
F:\kurui\trunk\HZ_DDZ\cocos2d\cocos\editor-support\spine\proj.win32\Debug.win32\CL.16524.write.1.tlog
F:\kurui\trunk\HZ_DDZ\cocos2d\cocos\editor-support\spine\proj.win32\Debug.win32\CL.19248.read.1.tlog
F:\kurui\trunk\HZ_DDZ\cocos2d\cocos\editor-support\spine\proj.win32\Debug.win32\CL.19248.write.1.tlog
F:\kurui\trunk\HZ_DDZ\cocos2d\cocos\editor-support\spine\proj.win32\Debug.win32\CL.19312.read.1.tlog
F:\kurui\trunk\HZ_DDZ\cocos2d\cocos\editor-support\spine\proj.win32\Debug.win32\CL.19312.write.1.tlog
F:\kurui\trunk\HZ_DDZ\cocos2d\cocos\editor-support\spine\proj.win32\Debug.win32\CL.4080.read.1.tlog
F:\kurui\trunk\HZ_DDZ\cocos2d\cocos\editor-support\spine\proj.win32\Debug.win32\CL.4080.write.1.tlog
F:\kurui\trunk\HZ_DDZ\cocos2d\cocos\editor-support\spine\proj.win32\Debug.win32\CL.4312.read.1.tlog
F:\kurui\trunk\HZ_DDZ\cocos2d\cocos\editor-support\spine\proj.win32\Debug.win32\CL.4312.write.1.tlog
F:\kurui\trunk\HZ_DDZ\cocos2d\cocos\editor-support\spine\proj.win32\Debug.win32\CL.6112.read.1.tlog
F:\kurui\trunk\HZ_DDZ\cocos2d\cocos\editor-support\spine\proj.win32\Debug.win32\CL.6112.write.1.tlog
F:\kurui\trunk\HZ_DDZ\cocos2d\cocos\editor-support\spine\proj.win32\Debug.win32\cl.command.1.tlog
F:\kurui\trunk\HZ_DDZ\cocos2d\cocos\editor-support\spine\proj.win32\Debug.win32\CL.read.1.tlog
F:\kurui\trunk\HZ_DDZ\cocos2d\cocos\editor-support\spine\proj.win32\Debug.win32\cl.write.1.tlog
F:\kurui\trunk\HZ_DDZ\cocos2d\cocos\editor-support\spine\proj.win32\Debug.win32\Lib-link.read.1.tlog
F:\kurui\trunk\HZ_DDZ\cocos2d\cocos\editor-support\spine\proj.win32\Debug.win32\Lib-link.write.1.tlog
F:\kurui\trunk\HZ_DDZ\cocos2d\cocos\editor-support\spine\proj.win32\Debug.win32\lib.command.1.tlog
F:\kurui\trunk\HZ_DDZ\cocos2d\cocos\editor-support\spine\proj.win32\Debug.win32\vc110.idb
F:\kurui\trunk\HZ_DDZ\cocos2d\cocos\editor-support\spine\proj.win32\Debug.win32\vc110.pdb
F:\kurui\trunk\HZ_DDZ\proj.win32\Debug.win32\libSpine.lib
