  Animation.c
  AnimationState.c
  AnimationStateData.c
  Atlas.c
  AtlasAttachmentLoader.c
  Attachment.c
  AttachmentLoader.c
  Bone.c
  BoneData.c
  BoundingBoxAttachment.c
  Event.c
  EventData.c
  extension.c
  IkConstraint.c
  IkConstraintData.c
  Json.c
  MeshAttachment.c
  RegionAttachment.c
  Skeleton.c
  SkeletonBounds.c
  SkeletonData.c
  SkeletonJson.c
  Skin.c
  SkinnedMeshAttachment.c
  Slot.c
  SlotData.c
  PolygonBatch.cpp
  SkeletonAnimation.cpp
  SkeletonRenderer.cpp
  spine-cocos2dx.cpp
f:\kurui\trunk\hz_ddz\cocos2d\cocos\physics\ccphysicsjoint.h : warning C4819: 该文件包含不能在当前代码页(936)中表示的字符。请将该文件保存为 Unicode 格式以防止数据丢失 (..\PolygonBatch.cpp)
f:\kurui\trunk\hz_ddz\cocos2d\cocos\physics\ccphysicsjoint.h : warning C4819: 该文件包含不能在当前代码页(936)中表示的字符。请将该文件保存为 Unicode 格式以防止数据丢失 (..\SkeletonAnimation.cpp)
f:\kurui\trunk\hz_ddz\cocos2d\cocos\physics\ccphysicsjoint.h : warning C4819: 该文件包含不能在当前代码页(936)中表示的字符。请将该文件保存为 Unicode 格式以防止数据丢失 (..\spine-cocos2dx.cpp)
f:\kurui\trunk\hz_ddz\cocos2d\cocos\physics\ccphysicsjoint.h : warning C4819: 该文件包含不能在当前代码页(936)中表示的字符。请将该文件保存为 Unicode 格式以防止数据丢失 (..\SkeletonRenderer.cpp)
f:\kurui\trunk\hz_ddz\cocos2d\cocos\editor-support\spine\skeletonrenderer.cpp(229): warning C4996: 'cocos2d::DrawPrimitives::setDrawColor4B': 被声明为已否决
          f:\kurui\trunk\hz_ddz\cocos2d\cocos\2d\ccdrawingprimitives.h(233) : 参见“cocos2d::DrawPrimitives::setDrawColor4B”的声明
f:\kurui\trunk\hz_ddz\cocos2d\cocos\editor-support\spine\skeletonrenderer.cpp(242): warning C4996: 'cocos2d::DrawPrimitives::drawPoly': 被声明为已否决
          f:\kurui\trunk\hz_ddz\cocos2d\cocos\2d\ccdrawingprimitives.h(133) : 参见“cocos2d::DrawPrimitives::drawPoly”的声明
f:\kurui\trunk\hz_ddz\cocos2d\cocos\editor-support\spine\skeletonrenderer.cpp(248): warning C4996: 'cocos2d::DrawPrimitives::setDrawColor4B': 被声明为已否决
          f:\kurui\trunk\hz_ddz\cocos2d\cocos\2d\ccdrawingprimitives.h(233) : 参见“cocos2d::DrawPrimitives::setDrawColor4B”的声明
f:\kurui\trunk\hz_ddz\cocos2d\cocos\editor-support\spine\skeletonrenderer.cpp(253): warning C4996: 'cocos2d::DrawPrimitives::drawLine': 被声明为已否决
          f:\kurui\trunk\hz_ddz\cocos2d\cocos\2d\ccdrawingprimitives.h(106) : 参见“cocos2d::DrawPrimitives::drawLine”的声明
f:\kurui\trunk\hz_ddz\cocos2d\cocos\editor-support\spine\skeletonrenderer.cpp(256): warning C4996: 'cocos2d::DrawPrimitives::setPointSize': 被声明为已否决
          f:\kurui\trunk\hz_ddz\cocos2d\cocos\2d\ccdrawingprimitives.h(250) : 参见“cocos2d::DrawPrimitives::setPointSize”的声明
f:\kurui\trunk\hz_ddz\cocos2d\cocos\editor-support\spine\skeletonrenderer.cpp(257): warning C4996: 'cocos2d::DrawPrimitives::setDrawColor4B': 被声明为已否决
          f:\kurui\trunk\hz_ddz\cocos2d\cocos\2d\ccdrawingprimitives.h(233) : 参见“cocos2d::DrawPrimitives::setDrawColor4B”的声明
f:\kurui\trunk\hz_ddz\cocos2d\cocos\editor-support\spine\skeletonrenderer.cpp(260): warning C4996: 'cocos2d::DrawPrimitives::drawPoint': 被声明为已否决
          f:\kurui\trunk\hz_ddz\cocos2d\cocos\2d\ccdrawingprimitives.h(91) : 参见“cocos2d::DrawPrimitives::drawPoint”的声明
f:\kurui\trunk\hz_ddz\cocos2d\cocos\editor-support\spine\skeletonrenderer.cpp(261): warning C4996: 'cocos2d::DrawPrimitives::setDrawColor4B': 被声明为已否决
          f:\kurui\trunk\hz_ddz\cocos2d\cocos\2d\ccdrawingprimitives.h(233) : 参见“cocos2d::DrawPrimitives::setDrawColor4B”的声明
  libSpine.vcxproj -> F:\kurui\trunk\HZ_DDZ\proj.win32\Debug.win32\libSpine.lib
