䙞尺畫畲屩牴湵屫婈䑟婄捜捯獯搲捜捯獯㉜層楬换捯獯搲瘮硣牰橯਍㩆歜牵極瑜畲歮䡜彚䑄屚牰橯眮湩㈳䑜扥杵眮湩㈳汜扩潣潣㉳⹤楬ൢ䘊尺畫畲屩牴湵屫婈䑟婄灜潲⹪楷㍮尲敄畢⹧楷㍮尲楬换捯獯搲氮扩਍㩆歜牵極瑜畲歮䡜彚䑄屚牰橯眮湩㈳䑜扥杵眮湩㈳汜扩潣潣㉳⹤硥൰䘊尺畫畲屩牴湵屫婈䑟婄灜潲⹪楷㍮尲敄畢⹧楷㍮尲楬换捯獯搲攮灸਍
F:\KURUI\TRUNK\HZ_DDZ\PROJ.WIN32\DEBUG.WIN32\LIBCOCOS2D.DLL
F:\KURUI\TRUNK\HZ_DDZ\PROJ.WIN32\DEBUG.WIN32\LIBCOCOS2D.PDB
F:\kurui\trunk\HZ_DDZ\cocos2d\cocos\2d\Debug.win32\libcocos2d.vcxprojResolveAssemblyReference.cache
F:\kurui\trunk\HZ_DDZ\cocos2d\cocos\2d\Debug.win32\ArmatureNodeReader.obj
F:\kurui\trunk\HZ_DDZ\cocos2d\cocos\2d\Debug.win32\AssetsManager.obj
F:\kurui\trunk\HZ_DDZ\cocos2d\cocos\2d\Debug.win32\AssetsManagerEx.obj
F:\kurui\trunk\HZ_DDZ\cocos2d\cocos\2d\Debug.win32\atitc.obj
F:\kurui\trunk\HZ_DDZ\cocos2d\cocos\2d\Debug.win32\AudioCache.obj
F:\kurui\trunk\HZ_DDZ\cocos2d\cocos\2d\Debug.win32\AudioEngine-win32.obj
F:\kurui\trunk\HZ_DDZ\cocos2d\cocos\2d\Debug.win32\AudioEngine.obj
F:\kurui\trunk\HZ_DDZ\cocos2d\cocos\2d\Debug.win32\AudioPlayer.obj
F:\kurui\trunk\HZ_DDZ\cocos2d\cocos\2d\Debug.win32\base64.obj
F:\kurui\trunk\HZ_DDZ\cocos2d\cocos\2d\Debug.win32\ButtonReader.obj
F:\kurui\trunk\HZ_DDZ\cocos2d\cocos\2d\Debug.win32\CCAABB.obj
F:\kurui\trunk\HZ_DDZ\cocos2d\cocos\2d\Debug.win32\CCAction.obj
F:\kurui\trunk\HZ_DDZ\cocos2d\cocos\2d\Debug.win32\CCActionCamera.obj
F:\kurui\trunk\HZ_DDZ\cocos2d\cocos\2d\Debug.win32\CCActionCatmullRom.obj
F:\kurui\trunk\HZ_DDZ\cocos2d\cocos\2d\Debug.win32\CCActionEase.obj
F:\kurui\trunk\HZ_DDZ\cocos2d\cocos\2d\Debug.win32\CCActionFrame.obj
F:\kurui\trunk\HZ_DDZ\cocos2d\cocos\2d\Debug.win32\CCActionFrameEasing.obj
F:\kurui\trunk\HZ_DDZ\cocos2d\cocos\2d\Debug.win32\CCActionGrid.obj
F:\kurui\trunk\HZ_DDZ\cocos2d\cocos\2d\Debug.win32\CCActionGrid3D.obj
F:\kurui\trunk\HZ_DDZ\cocos2d\cocos\2d\Debug.win32\CCActionInstant.obj
F:\kurui\trunk\HZ_DDZ\cocos2d\cocos\2d\Debug.win32\CCActionInterval.obj
F:\kurui\trunk\HZ_DDZ\cocos2d\cocos\2d\Debug.win32\CCActionManager.obj
F:\kurui\trunk\HZ_DDZ\cocos2d\cocos\2d\Debug.win32\CCActionManagerEx.obj
F:\kurui\trunk\HZ_DDZ\cocos2d\cocos\2d\Debug.win32\CCActionNode.obj
F:\kurui\trunk\HZ_DDZ\cocos2d\cocos\2d\Debug.win32\CCActionObject.obj
F:\kurui\trunk\HZ_DDZ\cocos2d\cocos\2d\Debug.win32\CCActionPageTurn3D.obj
F:\kurui\trunk\HZ_DDZ\cocos2d\cocos\2d\Debug.win32\CCActionProgressTimer.obj
F:\kurui\trunk\HZ_DDZ\cocos2d\cocos\2d\Debug.win32\CCActionTiledGrid.obj
F:\kurui\trunk\HZ_DDZ\cocos2d\cocos\2d\Debug.win32\CCActionTimeline.obj
F:\kurui\trunk\HZ_DDZ\cocos2d\cocos\2d\Debug.win32\CCActionTimelineCache.obj
F:\kurui\trunk\HZ_DDZ\cocos2d\cocos\2d\Debug.win32\CCActionTimelineNode.obj
F:\kurui\trunk\HZ_DDZ\cocos2d\cocos\2d\Debug.win32\CCActionTween.obj
F:\kurui\trunk\HZ_DDZ\cocos2d\cocos\2d\Debug.win32\CCAffineTransform.obj
F:\kurui\trunk\HZ_DDZ\cocos2d\cocos\2d\Debug.win32\CCAllocatorDiagnostics.obj
F:\kurui\trunk\HZ_DDZ\cocos2d\cocos\2d\Debug.win32\CCAllocatorGlobal.obj
F:\kurui\trunk\HZ_DDZ\cocos2d\cocos\2d\Debug.win32\CCAllocatorGlobalNewDelete.obj
F:\kurui\trunk\HZ_DDZ\cocos2d\cocos\2d\Debug.win32\CCAnimate3D.obj
F:\kurui\trunk\HZ_DDZ\cocos2d\cocos\2d\Debug.win32\CCAnimation.obj
F:\kurui\trunk\HZ_DDZ\cocos2d\cocos\2d\Debug.win32\CCAnimation3D.obj
F:\kurui\trunk\HZ_DDZ\cocos2d\cocos\2d\Debug.win32\CCAnimationCache.obj
F:\kurui\trunk\HZ_DDZ\cocos2d\cocos\2d\Debug.win32\CCApplication-win32.obj
F:\kurui\trunk\HZ_DDZ\cocos2d\cocos\2d\Debug.win32\CCArmature.obj
F:\kurui\trunk\HZ_DDZ\cocos2d\cocos\2d\Debug.win32\CCArmatureAnimation.obj
F:\kurui\trunk\HZ_DDZ\cocos2d\cocos\2d\Debug.win32\CCArmatureDataManager.obj
F:\kurui\trunk\HZ_DDZ\cocos2d\cocos\2d\Debug.win32\CCArmatureDefine.obj
F:\kurui\trunk\HZ_DDZ\cocos2d\cocos\2d\Debug.win32\CCArray.obj
F:\kurui\trunk\HZ_DDZ\cocos2d\cocos\2d\Debug.win32\CCAsyncTaskPool.obj
F:\kurui\trunk\HZ_DDZ\cocos2d\cocos\2d\Debug.win32\CCAtlasNode.obj
F:\kurui\trunk\HZ_DDZ\cocos2d\cocos\2d\Debug.win32\CCAttachNode.obj
F:\kurui\trunk\HZ_DDZ\cocos2d\cocos\2d\Debug.win32\CCAutoreleasePool.obj
F:\kurui\trunk\HZ_DDZ\cocos2d\cocos\2d\Debug.win32\CCBAnimationManager.obj
F:\kurui\trunk\HZ_DDZ\cocos2d\cocos\2d\Debug.win32\CCBatchCommand.obj
F:\kurui\trunk\HZ_DDZ\cocos2d\cocos\2d\Debug.win32\CCBatchNode.obj
F:\kurui\trunk\HZ_DDZ\cocos2d\cocos\2d\Debug.win32\CCBFileLoader.obj
F:\kurui\trunk\HZ_DDZ\cocos2d\cocos\2d\Debug.win32\CCBillBoard.obj
F:\kurui\trunk\HZ_DDZ\cocos2d\cocos\2d\Debug.win32\CCBKeyframe.obj
F:\kurui\trunk\HZ_DDZ\cocos2d\cocos\2d\Debug.win32\CCBone.obj
F:\kurui\trunk\HZ_DDZ\cocos2d\cocos\2d\Debug.win32\CCBReader.obj
F:\kurui\trunk\HZ_DDZ\cocos2d\cocos\2d\Debug.win32\CCBSequence.obj
F:\kurui\trunk\HZ_DDZ\cocos2d\cocos\2d\Debug.win32\CCBSequenceProperty.obj
F:\kurui\trunk\HZ_DDZ\cocos2d\cocos\2d\Debug.win32\CCBundle3D.obj
F:\kurui\trunk\HZ_DDZ\cocos2d\cocos\2d\Debug.win32\CCBundleReader.obj
F:\kurui\trunk\HZ_DDZ\cocos2d\cocos\2d\Debug.win32\CCCamera.obj
F:\kurui\trunk\HZ_DDZ\cocos2d\cocos\2d\Debug.win32\ccCArray.obj
F:\kurui\trunk\HZ_DDZ\cocos2d\cocos\2d\Debug.win32\CCClippingNode.obj
F:\kurui\trunk\HZ_DDZ\cocos2d\cocos\2d\Debug.win32\CCClippingRectangleNode.obj
F:\kurui\trunk\HZ_DDZ\cocos2d\cocos\2d\Debug.win32\CCColliderDetector.obj
F:\kurui\trunk\HZ_DDZ\cocos2d\cocos\2d\Debug.win32\CCComAttribute.obj
F:\kurui\trunk\HZ_DDZ\cocos2d\cocos\2d\Debug.win32\CCComAudio.obj
F:\kurui\trunk\HZ_DDZ\cocos2d\cocos\2d\Debug.win32\CCComController.obj
F:\kurui\trunk\HZ_DDZ\cocos2d\cocos\2d\Debug.win32\CCCommon-win32.obj
F:\kurui\trunk\HZ_DDZ\cocos2d\cocos\2d\Debug.win32\CCComponent.obj
F:\kurui\trunk\HZ_DDZ\cocos2d\cocos\2d\Debug.win32\CCComponentContainer.obj
F:\kurui\trunk\HZ_DDZ\cocos2d\cocos\2d\Debug.win32\CCComRender.obj
F:\kurui\trunk\HZ_DDZ\cocos2d\cocos\2d\Debug.win32\CCConfiguration.obj
F:\kurui\trunk\HZ_DDZ\cocos2d\cocos\2d\Debug.win32\CCConsole.obj
F:\kurui\trunk\HZ_DDZ\cocos2d\cocos\2d\Debug.win32\CCControl.obj
F:\kurui\trunk\HZ_DDZ\cocos2d\cocos\2d\Debug.win32\CCControlButton.obj
F:\kurui\trunk\HZ_DDZ\cocos2d\cocos\2d\Debug.win32\CCControlButtonLoader.obj
F:\kurui\trunk\HZ_DDZ\cocos2d\cocos\2d\Debug.win32\CCControlColourPicker.obj
F:\kurui\trunk\HZ_DDZ\cocos2d\cocos\2d\Debug.win32\CCControlHuePicker.obj
F:\kurui\trunk\HZ_DDZ\cocos2d\cocos\2d\Debug.win32\CCControlLoader.obj
F:\kurui\trunk\HZ_DDZ\cocos2d\cocos\2d\Debug.win32\CCControlPotentiometer.obj
F:\kurui\trunk\HZ_DDZ\cocos2d\cocos\2d\Debug.win32\CCControlSaturationBrightnessPicker.obj
F:\kurui\trunk\HZ_DDZ\cocos2d\cocos\2d\Debug.win32\CCControlSlider.obj
F:\kurui\trunk\HZ_DDZ\cocos2d\cocos\2d\Debug.win32\CCControlStepper.obj
F:\kurui\trunk\HZ_DDZ\cocos2d\cocos\2d\Debug.win32\CCControlSwitch.obj
F:\kurui\trunk\HZ_DDZ\cocos2d\cocos\2d\Debug.win32\CCControlUtils.obj
F:\kurui\trunk\HZ_DDZ\cocos2d\cocos\2d\Debug.win32\CCCustomCommand.obj
F:\kurui\trunk\HZ_DDZ\cocos2d\cocos\2d\Debug.win32\CCData.obj
F:\kurui\trunk\HZ_DDZ\cocos2d\cocos\2d\Debug.win32\CCDataReaderHelper.obj
F:\kurui\trunk\HZ_DDZ\cocos2d\cocos\2d\Debug.win32\CCDatas.obj
F:\kurui\trunk\HZ_DDZ\cocos2d\cocos\2d\Debug.win32\CCDataVisitor.obj
F:\kurui\trunk\HZ_DDZ\cocos2d\cocos\2d\Debug.win32\CCDecorativeDisplay.obj
F:\kurui\trunk\HZ_DDZ\cocos2d\cocos\2d\Debug.win32\CCDeprecated.obj
F:\kurui\trunk\HZ_DDZ\cocos2d\cocos\2d\Debug.win32\CCDevice-win32.obj
F:\kurui\trunk\HZ_DDZ\cocos2d\cocos\2d\Debug.win32\CCDictionary.obj
F:\kurui\trunk\HZ_DDZ\cocos2d\cocos\2d\Debug.win32\CCDirector.obj
F:\kurui\trunk\HZ_DDZ\cocos2d\cocos\2d\Debug.win32\CCDisplayFactory.obj
F:\kurui\trunk\HZ_DDZ\cocos2d\cocos\2d\Debug.win32\CCDisplayManager.obj
F:\kurui\trunk\HZ_DDZ\cocos2d\cocos\2d\Debug.win32\CCDrawingPrimitives.obj
F:\kurui\trunk\HZ_DDZ\cocos2d\cocos\2d\Debug.win32\CCDrawNode.obj
F:\kurui\trunk\HZ_DDZ\cocos2d\cocos\2d\Debug.win32\CCEvent.obj
F:\kurui\trunk\HZ_DDZ\cocos2d\cocos\2d\Debug.win32\CCEventAcceleration.obj
F:\kurui\trunk\HZ_DDZ\cocos2d\cocos\2d\Debug.win32\CCEventAssetsManagerEx.obj
F:\kurui\trunk\HZ_DDZ\cocos2d\cocos\2d\Debug.win32\CCEventCustom.obj
F:\kurui\trunk\HZ_DDZ\cocos2d\cocos\2d\Debug.win32\CCEventDispatcher.obj
F:\kurui\trunk\HZ_DDZ\cocos2d\cocos\2d\Debug.win32\CCEventFocus.obj
F:\kurui\trunk\HZ_DDZ\cocos2d\cocos\2d\Debug.win32\CCEventKeyboard.obj
F:\kurui\trunk\HZ_DDZ\cocos2d\cocos\2d\Debug.win32\CCEventListener.obj
F:\kurui\trunk\HZ_DDZ\cocos2d\cocos\2d\Debug.win32\CCEventListenerAcceleration.obj
F:\kurui\trunk\HZ_DDZ\cocos2d\cocos\2d\Debug.win32\CCEventListenerAssetsManagerEx.obj
F:\kurui\trunk\HZ_DDZ\cocos2d\cocos\2d\Debug.win32\CCEventListenerCustom.obj
F:\kurui\trunk\HZ_DDZ\cocos2d\cocos\2d\Debug.win32\CCEventListenerFocus.obj
F:\kurui\trunk\HZ_DDZ\cocos2d\cocos\2d\Debug.win32\CCEventListenerKeyboard.obj
F:\kurui\trunk\HZ_DDZ\cocos2d\cocos\2d\Debug.win32\CCEventListenerMouse.obj
F:\kurui\trunk\HZ_DDZ\cocos2d\cocos\2d\Debug.win32\CCEventListenerTouch.obj
F:\kurui\trunk\HZ_DDZ\cocos2d\cocos\2d\Debug.win32\CCEventMouse.obj
F:\kurui\trunk\HZ_DDZ\cocos2d\cocos\2d\Debug.win32\CCEventTouch.obj
F:\kurui\trunk\HZ_DDZ\cocos2d\cocos\2d\Debug.win32\CCFastTMXLayer.obj
F:\kurui\trunk\HZ_DDZ\cocos2d\cocos\2d\Debug.win32\CCFastTMXTiledMap.obj
F:\kurui\trunk\HZ_DDZ\cocos2d\cocos\2d\Debug.win32\CCFileUtils-win32.obj
F:\kurui\trunk\HZ_DDZ\cocos2d\cocos\2d\Debug.win32\CCFileUtils.obj
F:\kurui\trunk\HZ_DDZ\cocos2d\cocos\2d\Debug.win32\CCFont.obj
F:\kurui\trunk\HZ_DDZ\cocos2d\cocos\2d\Debug.win32\CCFontAtlas.obj
F:\kurui\trunk\HZ_DDZ\cocos2d\cocos\2d\Debug.win32\CCFontAtlasCache.obj
F:\kurui\trunk\HZ_DDZ\cocos2d\cocos\2d\Debug.win32\CCFontCharMap.obj
F:\kurui\trunk\HZ_DDZ\cocos2d\cocos\2d\Debug.win32\CCFontFNT.obj
F:\kurui\trunk\HZ_DDZ\cocos2d\cocos\2d\Debug.win32\CCFontFreeType.obj
F:\kurui\trunk\HZ_DDZ\cocos2d\cocos\2d\Debug.win32\ccFPSImages.obj
F:\kurui\trunk\HZ_DDZ\cocos2d\cocos\2d\Debug.win32\CCFrame.obj
F:\kurui\trunk\HZ_DDZ\cocos2d\cocos\2d\Debug.win32\CCFrustum.obj
F:\kurui\trunk\HZ_DDZ\cocos2d\cocos\2d\Debug.win32\CCGeometry.obj
F:\kurui\trunk\HZ_DDZ\cocos2d\cocos\2d\Debug.win32\CCGLBufferedNode.obj
F:\kurui\trunk\HZ_DDZ\cocos2d\cocos\2d\Debug.win32\CCGLProgram.obj
F:\kurui\trunk\HZ_DDZ\cocos2d\cocos\2d\Debug.win32\CCGLProgramCache.obj
F:\kurui\trunk\HZ_DDZ\cocos2d\cocos\2d\Debug.win32\CCGLProgramState.obj
F:\kurui\trunk\HZ_DDZ\cocos2d\cocos\2d\Debug.win32\CCGLProgramStateCache.obj
F:\kurui\trunk\HZ_DDZ\cocos2d\cocos\2d\Debug.win32\ccGLStateCache.obj
F:\kurui\trunk\HZ_DDZ\cocos2d\cocos\2d\Debug.win32\CCGLView.obj
F:\kurui\trunk\HZ_DDZ\cocos2d\cocos\2d\Debug.win32\CCGLViewImpl-desktop.obj
F:\kurui\trunk\HZ_DDZ\cocos2d\cocos\2d\Debug.win32\CCGrabber.obj
F:\kurui\trunk\HZ_DDZ\cocos2d\cocos\2d\Debug.win32\CCGrid.obj
F:\kurui\trunk\HZ_DDZ\cocos2d\cocos\2d\Debug.win32\CCGroupCommand.obj
F:\kurui\trunk\HZ_DDZ\cocos2d\cocos\2d\Debug.win32\CCImage.obj
F:\kurui\trunk\HZ_DDZ\cocos2d\cocos\2d\Debug.win32\CCIMEDispatcher.obj
F:\kurui\trunk\HZ_DDZ\cocos2d\cocos\2d\Debug.win32\CCInputDelegate.obj
F:\kurui\trunk\HZ_DDZ\cocos2d\cocos\2d\Debug.win32\CCInvocation.obj
F:\kurui\trunk\HZ_DDZ\cocos2d\cocos\2d\Debug.win32\CCLabel.obj
F:\kurui\trunk\HZ_DDZ\cocos2d\cocos\2d\Debug.win32\CCLabelAtlas.obj
F:\kurui\trunk\HZ_DDZ\cocos2d\cocos\2d\Debug.win32\CCLabelBMFont.obj
F:\kurui\trunk\HZ_DDZ\cocos2d\cocos\2d\Debug.win32\CCLabelBMFontLoader.obj
F:\kurui\trunk\HZ_DDZ\cocos2d\cocos\2d\Debug.win32\CCLabelTextFormatter.obj
F:\kurui\trunk\HZ_DDZ\cocos2d\cocos\2d\Debug.win32\CCLabelTTF.obj
F:\kurui\trunk\HZ_DDZ\cocos2d\cocos\2d\Debug.win32\CCLabelTTFLoader.obj
F:\kurui\trunk\HZ_DDZ\cocos2d\cocos\2d\Debug.win32\CCLayer.obj
F:\kurui\trunk\HZ_DDZ\cocos2d\cocos\2d\Debug.win32\CCLayerColorLoader.obj
F:\kurui\trunk\HZ_DDZ\cocos2d\cocos\2d\Debug.win32\CCLayerGradientLoader.obj
F:\kurui\trunk\HZ_DDZ\cocos2d\cocos\2d\Debug.win32\CCLayerLoader.obj
F:\kurui\trunk\HZ_DDZ\cocos2d\cocos\2d\Debug.win32\CCLight.obj
F:\kurui\trunk\HZ_DDZ\cocos2d\cocos\2d\Debug.win32\CCMenu.obj
F:\kurui\trunk\HZ_DDZ\cocos2d\cocos\2d\Debug.win32\CCMenuItem.obj
F:\kurui\trunk\HZ_DDZ\cocos2d\cocos\2d\Debug.win32\CCMenuItemImageLoader.obj
F:\kurui\trunk\HZ_DDZ\cocos2d\cocos\2d\Debug.win32\CCMenuItemLoader.obj
F:\kurui\trunk\HZ_DDZ\cocos2d\cocos\2d\Debug.win32\CCMesh.obj
F:\kurui\trunk\HZ_DDZ\cocos2d\cocos\2d\Debug.win32\CCMeshCommand.obj
F:\kurui\trunk\HZ_DDZ\cocos2d\cocos\2d\Debug.win32\CCMeshSkin.obj
F:\kurui\trunk\HZ_DDZ\cocos2d\cocos\2d\Debug.win32\CCMeshVertexIndexData.obj
F:\kurui\trunk\HZ_DDZ\cocos2d\cocos\2d\Debug.win32\CCMotionStreak.obj
F:\kurui\trunk\HZ_DDZ\cocos2d\cocos\2d\Debug.win32\CCNode+CCBRelativePositioning.obj
F:\kurui\trunk\HZ_DDZ\cocos2d\cocos\2d\Debug.win32\CCNode.obj
F:\kurui\trunk\HZ_DDZ\cocos2d\cocos\2d\Debug.win32\CCNodeGrid.obj
F:\kurui\trunk\HZ_DDZ\cocos2d\cocos\2d\Debug.win32\CCNodeLoader.obj
F:\kurui\trunk\HZ_DDZ\cocos2d\cocos\2d\Debug.win32\CCNodeLoaderLibrary.obj
F:\kurui\trunk\HZ_DDZ\cocos2d\cocos\2d\Debug.win32\CCNodeReader.obj
F:\kurui\trunk\HZ_DDZ\cocos2d\cocos\2d\Debug.win32\CCNotificationCenter.obj
F:\kurui\trunk\HZ_DDZ\cocos2d\cocos\2d\Debug.win32\CCNS.obj
F:\kurui\trunk\HZ_DDZ\cocos2d\cocos\2d\Debug.win32\CCOBB.obj
F:\kurui\trunk\HZ_DDZ\cocos2d\cocos\2d\Debug.win32\CCObjectExtensionData.obj
F:\kurui\trunk\HZ_DDZ\cocos2d\cocos\2d\Debug.win32\CCObjLoader.obj
F:\kurui\trunk\HZ_DDZ\cocos2d\cocos\2d\Debug.win32\CCParallaxNode.obj
F:\kurui\trunk\HZ_DDZ\cocos2d\cocos\2d\Debug.win32\CCParticle3DAffector.obj
F:\kurui\trunk\HZ_DDZ\cocos2d\cocos\2d\Debug.win32\CCParticle3DEmitter.obj
F:\kurui\trunk\HZ_DDZ\cocos2d\cocos\2d\Debug.win32\CCParticle3DRender.obj
F:\kurui\trunk\HZ_DDZ\cocos2d\cocos\2d\Debug.win32\CCParticleBatchNode.obj
F:\kurui\trunk\HZ_DDZ\cocos2d\cocos\2d\Debug.win32\CCParticleExamples.obj
F:\kurui\trunk\HZ_DDZ\cocos2d\cocos\2d\Debug.win32\CCParticleSystem.obj
F:\kurui\trunk\HZ_DDZ\cocos2d\cocos\2d\Debug.win32\CCParticleSystem3D.obj
F:\kurui\trunk\HZ_DDZ\cocos2d\cocos\2d\Debug.win32\CCParticleSystemQuad.obj
F:\kurui\trunk\HZ_DDZ\cocos2d\cocos\2d\Debug.win32\CCParticleSystemQuadLoader.obj
F:\kurui\trunk\HZ_DDZ\cocos2d\cocos\2d\Debug.win32\CCPhysicsBody.obj
F:\kurui\trunk\HZ_DDZ\cocos2d\cocos\2d\Debug.win32\CCPhysicsContact.obj
F:\kurui\trunk\HZ_DDZ\cocos2d\cocos\2d\Debug.win32\CCPhysicsDebugNode.obj
F:\kurui\trunk\HZ_DDZ\cocos2d\cocos\2d\Debug.win32\CCPhysicsJoint.obj
F:\kurui\trunk\HZ_DDZ\cocos2d\cocos\2d\Debug.win32\CCPhysicsShape.obj
F:\kurui\trunk\HZ_DDZ\cocos2d\cocos\2d\Debug.win32\CCPhysicsSprite.obj
F:\kurui\trunk\HZ_DDZ\cocos2d\cocos\2d\Debug.win32\CCPhysicsWorld.obj
F:\kurui\trunk\HZ_DDZ\cocos2d\cocos\2d\Debug.win32\CCPlane.obj
F:\kurui\trunk\HZ_DDZ\cocos2d\cocos\2d\Debug.win32\CCPrimitive.obj
F:\kurui\trunk\HZ_DDZ\cocos2d\cocos\2d\Debug.win32\CCPrimitiveCommand.obj
F:\kurui\trunk\HZ_DDZ\cocos2d\cocos\2d\Debug.win32\CCProcessBase.obj
F:\kurui\trunk\HZ_DDZ\cocos2d\cocos\2d\Debug.win32\CCProfiling.obj
F:\kurui\trunk\HZ_DDZ\cocos2d\cocos\2d\Debug.win32\CCProgressTimer.obj
F:\kurui\trunk\HZ_DDZ\cocos2d\cocos\2d\Debug.win32\CCProtectedNode.obj
F:\kurui\trunk\HZ_DDZ\cocos2d\cocos\2d\Debug.win32\CCPUAffector.obj
F:\kurui\trunk\HZ_DDZ\cocos2d\cocos\2d\Debug.win32\CCPUAffectorManager.obj
F:\kurui\trunk\HZ_DDZ\cocos2d\cocos\2d\Debug.win32\CCPUAffectorTranslator.obj
F:\kurui\trunk\HZ_DDZ\cocos2d\cocos\2d\Debug.win32\CCPUAlignAffector.obj
F:\kurui\trunk\HZ_DDZ\cocos2d\cocos\2d\Debug.win32\CCPUAlignAffectorTranslator.obj
F:\kurui\trunk\HZ_DDZ\cocos2d\cocos\2d\Debug.win32\CCPUBaseCollider.obj
F:\kurui\trunk\HZ_DDZ\cocos2d\cocos\2d\Debug.win32\CCPUBaseColliderTranslator.obj
F:\kurui\trunk\HZ_DDZ\cocos2d\cocos\2d\Debug.win32\CCPUBaseForceAffector.obj
F:\kurui\trunk\HZ_DDZ\cocos2d\cocos\2d\Debug.win32\CCPUBaseForceAffectorTranslator.obj
F:\kurui\trunk\HZ_DDZ\cocos2d\cocos\2d\Debug.win32\CCPUBeamRender.obj
F:\kurui\trunk\HZ_DDZ\cocos2d\cocos\2d\Debug.win32\CCPUBehaviour.obj
F:\kurui\trunk\HZ_DDZ\cocos2d\cocos\2d\Debug.win32\CCPUBehaviourManager.obj
F:\kurui\trunk\HZ_DDZ\cocos2d\cocos\2d\Debug.win32\CCPUBehaviourTranslator.obj
F:\kurui\trunk\HZ_DDZ\cocos2d\cocos\2d\Debug.win32\CCPUBillboardChain.obj
F:\kurui\trunk\HZ_DDZ\cocos2d\cocos\2d\Debug.win32\CCPUBoxCollider.obj
F:\kurui\trunk\HZ_DDZ\cocos2d\cocos\2d\Debug.win32\CCPUBoxColliderTranslator.obj
F:\kurui\trunk\HZ_DDZ\cocos2d\cocos\2d\Debug.win32\CCPUBoxEmitter.obj
F:\kurui\trunk\HZ_DDZ\cocos2d\cocos\2d\Debug.win32\CCPUBoxEmitterTranslator.obj
F:\kurui\trunk\HZ_DDZ\cocos2d\cocos\2d\Debug.win32\CCPUCircleEmitter.obj
F:\kurui\trunk\HZ_DDZ\cocos2d\cocos\2d\Debug.win32\CCPUCircleEmitterTranslator.obj
F:\kurui\trunk\HZ_DDZ\cocos2d\cocos\2d\Debug.win32\CCPUCollisionAvoidanceAffector.obj
F:\kurui\trunk\HZ_DDZ\cocos2d\cocos\2d\Debug.win32\CCPUCollisionAvoidanceAffectorTranslator.obj
F:\kurui\trunk\HZ_DDZ\cocos2d\cocos\2d\Debug.win32\CCPUColorAffector.obj
F:\kurui\trunk\HZ_DDZ\cocos2d\cocos\2d\Debug.win32\CCPUColorAffectorTranslator.obj
F:\kurui\trunk\HZ_DDZ\cocos2d\cocos\2d\Debug.win32\CCPUDoAffectorEventHandler.obj
F:\kurui\trunk\HZ_DDZ\cocos2d\cocos\2d\Debug.win32\CCPUDoAffectorEventHandlerTranslator.obj
F:\kurui\trunk\HZ_DDZ\cocos2d\cocos\2d\Debug.win32\CCPUDoEnableComponentEventHandler.obj
F:\kurui\trunk\HZ_DDZ\cocos2d\cocos\2d\Debug.win32\CCPUDoEnableComponentEventHandlerTranslator.obj
F:\kurui\trunk\HZ_DDZ\cocos2d\cocos\2d\Debug.win32\CCPUDoExpireEventHandler.obj
F:\kurui\trunk\HZ_DDZ\cocos2d\cocos\2d\Debug.win32\CCPUDoExpireEventHandlerTranslator.obj
F:\kurui\trunk\HZ_DDZ\cocos2d\cocos\2d\Debug.win32\CCPUDoFreezeEventHandler.obj
F:\kurui\trunk\HZ_DDZ\cocos2d\cocos\2d\Debug.win32\CCPUDoFreezeEventHandlerTranslator.obj
F:\kurui\trunk\HZ_DDZ\cocos2d\cocos\2d\Debug.win32\CCPUDoPlacementParticleEventHandler.obj
F:\kurui\trunk\HZ_DDZ\cocos2d\cocos\2d\Debug.win32\CCPUDoPlacementParticleEventHandlerTranslator.obj
F:\kurui\trunk\HZ_DDZ\cocos2d\cocos\2d\Debug.win32\CCPUDoScaleEventHandler.obj
F:\kurui\trunk\HZ_DDZ\cocos2d\cocos\2d\Debug.win32\CCPUDoScaleEventHandlerTranslator.obj
F:\kurui\trunk\HZ_DDZ\cocos2d\cocos\2d\Debug.win32\CCPUDoStopSystemEventHandler.obj
F:\kurui\trunk\HZ_DDZ\cocos2d\cocos\2d\Debug.win32\CCPUDoStopSystemEventHandlerTranslator.obj
F:\kurui\trunk\HZ_DDZ\cocos2d\cocos\2d\Debug.win32\CCPUDynamicAttribute.obj
F:\kurui\trunk\HZ_DDZ\cocos2d\cocos\2d\Debug.win32\CCPUDynamicAttributeTranslator.obj
F:\kurui\trunk\HZ_DDZ\cocos2d\cocos\2d\Debug.win32\CCPUEmitter.obj
F:\kurui\trunk\HZ_DDZ\cocos2d\cocos\2d\Debug.win32\CCPUEmitterManager.obj
F:\kurui\trunk\HZ_DDZ\cocos2d\cocos\2d\Debug.win32\CCPUEmitterTranslator.obj
F:\kurui\trunk\HZ_DDZ\cocos2d\cocos\2d\Debug.win32\CCPUEventHandler.obj
F:\kurui\trunk\HZ_DDZ\cocos2d\cocos\2d\Debug.win32\CCPUEventHandlerManager.obj
F:\kurui\trunk\HZ_DDZ\cocos2d\cocos\2d\Debug.win32\CCPUEventHandlerTranslator.obj
F:\kurui\trunk\HZ_DDZ\cocos2d\cocos\2d\Debug.win32\CCPUFlockCenteringAffector.obj
F:\kurui\trunk\HZ_DDZ\cocos2d\cocos\2d\Debug.win32\CCPUFlockCenteringAffectorTranslator.obj
F:\kurui\trunk\HZ_DDZ\cocos2d\cocos\2d\Debug.win32\CCPUForceField.obj
F:\kurui\trunk\HZ_DDZ\cocos2d\cocos\2d\Debug.win32\CCPUForceFieldAffector.obj
F:\kurui\trunk\HZ_DDZ\cocos2d\cocos\2d\Debug.win32\CCPUForceFieldAffectorTranslator.obj
F:\kurui\trunk\HZ_DDZ\cocos2d\cocos\2d\Debug.win32\CCPUGeometryRotator.obj
F:\kurui\trunk\HZ_DDZ\cocos2d\cocos\2d\Debug.win32\CCPUGeometryRotatorTranslator.obj
F:\kurui\trunk\HZ_DDZ\cocos2d\cocos\2d\Debug.win32\CCPUGravityAffector.obj
F:\kurui\trunk\HZ_DDZ\cocos2d\cocos\2d\Debug.win32\CCPUGravityAffectorTranslator.obj
F:\kurui\trunk\HZ_DDZ\cocos2d\cocos\2d\Debug.win32\CCPUInterParticleCollider.obj
F:\kurui\trunk\HZ_DDZ\cocos2d\cocos\2d\Debug.win32\CCPUInterParticleColliderTranslator.obj
F:\kurui\trunk\HZ_DDZ\cocos2d\cocos\2d\Debug.win32\CCPUJetAffector.obj
F:\kurui\trunk\HZ_DDZ\cocos2d\cocos\2d\Debug.win32\CCPUJetAffectorTranslator.obj
F:\kurui\trunk\HZ_DDZ\cocos2d\cocos\2d\Debug.win32\CCPULineAffector.obj
F:\kurui\trunk\HZ_DDZ\cocos2d\cocos\2d\Debug.win32\CCPULineAffectorTranslator.obj
F:\kurui\trunk\HZ_DDZ\cocos2d\cocos\2d\Debug.win32\CCPULinearForceAffector.obj
F:\kurui\trunk\HZ_DDZ\cocos2d\cocos\2d\Debug.win32\CCPULinearForceAffectorTranslator.obj
F:\kurui\trunk\HZ_DDZ\cocos2d\cocos\2d\Debug.win32\CCPULineEmitter.obj
F:\kurui\trunk\HZ_DDZ\cocos2d\cocos\2d\Debug.win32\CCPULineEmitterTranslator.obj
F:\kurui\trunk\HZ_DDZ\cocos2d\cocos\2d\Debug.win32\CCPUListener.obj
F:\kurui\trunk\HZ_DDZ\cocos2d\cocos\2d\Debug.win32\CCPUMaterialManager.obj
F:\kurui\trunk\HZ_DDZ\cocos2d\cocos\2d\Debug.win32\CCPUMaterialTranslator.obj
F:\kurui\trunk\HZ_DDZ\cocos2d\cocos\2d\Debug.win32\CCPUMeshSurfaceEmitter.obj
F:\kurui\trunk\HZ_DDZ\cocos2d\cocos\2d\Debug.win32\CCPUMeshSurfaceEmitterTranslator.obj
F:\kurui\trunk\HZ_DDZ\cocos2d\cocos\2d\Debug.win32\CCPUNoise.obj
F:\kurui\trunk\HZ_DDZ\cocos2d\cocos\2d\Debug.win32\CCPUObserver.obj
F:\kurui\trunk\HZ_DDZ\cocos2d\cocos\2d\Debug.win32\CCPUObserverManager.obj
F:\kurui\trunk\HZ_DDZ\cocos2d\cocos\2d\Debug.win32\CCPUObserverTranslator.obj
F:\kurui\trunk\HZ_DDZ\cocos2d\cocos\2d\Debug.win32\CCPUOnClearObserver.obj
F:\kurui\trunk\HZ_DDZ\cocos2d\cocos\2d\Debug.win32\CCPUOnClearObserverTranslator.obj
F:\kurui\trunk\HZ_DDZ\cocos2d\cocos\2d\Debug.win32\CCPUOnCollisionObserver.obj
F:\kurui\trunk\HZ_DDZ\cocos2d\cocos\2d\Debug.win32\CCPUOnCollisionObserverTranslator.obj
F:\kurui\trunk\HZ_DDZ\cocos2d\cocos\2d\Debug.win32\CCPUOnCountObserver.obj
F:\kurui\trunk\HZ_DDZ\cocos2d\cocos\2d\Debug.win32\CCPUOnCountObserverTranslator.obj
F:\kurui\trunk\HZ_DDZ\cocos2d\cocos\2d\Debug.win32\CCPUOnEmissionObserver.obj
F:\kurui\trunk\HZ_DDZ\cocos2d\cocos\2d\Debug.win32\CCPUOnEmissionObserverTranslator.obj
F:\kurui\trunk\HZ_DDZ\cocos2d\cocos\2d\Debug.win32\CCPUOnEventFlagObserver.obj
F:\kurui\trunk\HZ_DDZ\cocos2d\cocos\2d\Debug.win32\CCPUOnEventFlagObserverTranslator.obj
F:\kurui\trunk\HZ_DDZ\cocos2d\cocos\2d\Debug.win32\CCPUOnExpireObserver.obj
F:\kurui\trunk\HZ_DDZ\cocos2d\cocos\2d\Debug.win32\CCPUOnExpireObserverTranslator.obj
F:\kurui\trunk\HZ_DDZ\cocos2d\cocos\2d\Debug.win32\CCPUOnPositionObserver.obj
F:\kurui\trunk\HZ_DDZ\cocos2d\cocos\2d\Debug.win32\CCPUOnPositionObserverTranslator.obj
F:\kurui\trunk\HZ_DDZ\cocos2d\cocos\2d\Debug.win32\CCPUOnQuotaObserver.obj
F:\kurui\trunk\HZ_DDZ\cocos2d\cocos\2d\Debug.win32\CCPUOnQuotaObserverTranslator.obj
F:\kurui\trunk\HZ_DDZ\cocos2d\cocos\2d\Debug.win32\CCPUOnRandomObserver.obj
F:\kurui\trunk\HZ_DDZ\cocos2d\cocos\2d\Debug.win32\CCPUOnRandomObserverTranslator.obj
F:\kurui\trunk\HZ_DDZ\cocos2d\cocos\2d\Debug.win32\CCPUOnTimeObserver.obj
F:\kurui\trunk\HZ_DDZ\cocos2d\cocos\2d\Debug.win32\CCPUOnTimeObserverTranslator.obj
F:\kurui\trunk\HZ_DDZ\cocos2d\cocos\2d\Debug.win32\CCPUOnVelocityObserver.obj
F:\kurui\trunk\HZ_DDZ\cocos2d\cocos\2d\Debug.win32\CCPUOnVelocityObserverTranslator.obj
F:\kurui\trunk\HZ_DDZ\cocos2d\cocos\2d\Debug.win32\CCPUParticleFollower.obj
F:\kurui\trunk\HZ_DDZ\cocos2d\cocos\2d\Debug.win32\CCPUParticleFollowerTranslator.obj
F:\kurui\trunk\HZ_DDZ\cocos2d\cocos\2d\Debug.win32\CCPUParticleSystem3D.obj
F:\kurui\trunk\HZ_DDZ\cocos2d\cocos\2d\Debug.win32\CCPUParticleSystem3DTranslator.obj
F:\kurui\trunk\HZ_DDZ\cocos2d\cocos\2d\Debug.win32\CCPUPathFollower.obj
F:\kurui\trunk\HZ_DDZ\cocos2d\cocos\2d\Debug.win32\CCPUPathFollowerTranslator.obj
F:\kurui\trunk\HZ_DDZ\cocos2d\cocos\2d\Debug.win32\CCPUPlane.obj
F:\kurui\trunk\HZ_DDZ\cocos2d\cocos\2d\Debug.win32\CCPUPlaneCollider.obj
F:\kurui\trunk\HZ_DDZ\cocos2d\cocos\2d\Debug.win32\CCPUPlaneColliderTranslator.obj
F:\kurui\trunk\HZ_DDZ\cocos2d\cocos\2d\Debug.win32\CCPUPointEmitter.obj
F:\kurui\trunk\HZ_DDZ\cocos2d\cocos\2d\Debug.win32\CCPUPointEmitterTranslator.obj
F:\kurui\trunk\HZ_DDZ\cocos2d\cocos\2d\Debug.win32\CCPUPositionEmitter.obj
F:\kurui\trunk\HZ_DDZ\cocos2d\cocos\2d\Debug.win32\CCPUPositionEmitterTranslator.obj
F:\kurui\trunk\HZ_DDZ\cocos2d\cocos\2d\Debug.win32\CCPURandomiser.obj
F:\kurui\trunk\HZ_DDZ\cocos2d\cocos\2d\Debug.win32\CCPURandomiserTranslator.obj
F:\kurui\trunk\HZ_DDZ\cocos2d\cocos\2d\Debug.win32\CCPURender.obj
F:\kurui\trunk\HZ_DDZ\cocos2d\cocos\2d\Debug.win32\CCPURendererTranslator.obj
F:\kurui\trunk\HZ_DDZ\cocos2d\cocos\2d\Debug.win32\CCPURibbonTrail.obj
F:\kurui\trunk\HZ_DDZ\cocos2d\cocos\2d\Debug.win32\CCPURibbonTrailRender.obj
F:\kurui\trunk\HZ_DDZ\cocos2d\cocos\2d\Debug.win32\CCPUScaleAffector.obj
F:\kurui\trunk\HZ_DDZ\cocos2d\cocos\2d\Debug.win32\CCPUScaleAffectorTranslator.obj
F:\kurui\trunk\HZ_DDZ\cocos2d\cocos\2d\Debug.win32\CCPUScaleVelocityAffector.obj
F:\kurui\trunk\HZ_DDZ\cocos2d\cocos\2d\Debug.win32\CCPUScaleVelocityAffectorTranslator.obj
F:\kurui\trunk\HZ_DDZ\cocos2d\cocos\2d\Debug.win32\CCPUScriptCompiler.obj
F:\kurui\trunk\HZ_DDZ\cocos2d\cocos\2d\Debug.win32\CCPUScriptLexer.obj
F:\kurui\trunk\HZ_DDZ\cocos2d\cocos\2d\Debug.win32\CCPUScriptParser.obj
F:\kurui\trunk\HZ_DDZ\cocos2d\cocos\2d\Debug.win32\CCPUScriptTranslator.obj
F:\kurui\trunk\HZ_DDZ\cocos2d\cocos\2d\Debug.win32\CCPUSimpleSpline.obj
F:\kurui\trunk\HZ_DDZ\cocos2d\cocos\2d\Debug.win32\CCPUSineForceAffector.obj
F:\kurui\trunk\HZ_DDZ\cocos2d\cocos\2d\Debug.win32\CCPUSineForceAffectorTranslator.obj
F:\kurui\trunk\HZ_DDZ\cocos2d\cocos\2d\Debug.win32\CCPUSlaveBehaviour.obj
F:\kurui\trunk\HZ_DDZ\cocos2d\cocos\2d\Debug.win32\CCPUSlaveBehaviourTranslator.obj
F:\kurui\trunk\HZ_DDZ\cocos2d\cocos\2d\Debug.win32\CCPUSlaveEmitter.obj
F:\kurui\trunk\HZ_DDZ\cocos2d\cocos\2d\Debug.win32\CCPUSlaveEmitterTranslator.obj
F:\kurui\trunk\HZ_DDZ\cocos2d\cocos\2d\Debug.win32\CCPUSphere.obj
F:\kurui\trunk\HZ_DDZ\cocos2d\cocos\2d\Debug.win32\CCPUSphereCollider.obj
F:\kurui\trunk\HZ_DDZ\cocos2d\cocos\2d\Debug.win32\CCPUSphereColliderTranslator.obj
F:\kurui\trunk\HZ_DDZ\cocos2d\cocos\2d\Debug.win32\CCPUSphereSurfaceEmitter.obj
F:\kurui\trunk\HZ_DDZ\cocos2d\cocos\2d\Debug.win32\CCPUSphereSurfaceEmitterTranslator.obj
F:\kurui\trunk\HZ_DDZ\cocos2d\cocos\2d\Debug.win32\CCPUTechniqueTranslator.obj
F:\kurui\trunk\HZ_DDZ\cocos2d\cocos\2d\Debug.win32\CCPUTextureAnimator.obj
F:\kurui\trunk\HZ_DDZ\cocos2d\cocos\2d\Debug.win32\CCPUTextureAnimatorTranslator.obj
F:\kurui\trunk\HZ_DDZ\cocos2d\cocos\2d\Debug.win32\CCPUTextureRotator.obj
F:\kurui\trunk\HZ_DDZ\cocos2d\cocos\2d\Debug.win32\CCPUTextureRotatorTranslator.obj
F:\kurui\trunk\HZ_DDZ\cocos2d\cocos\2d\Debug.win32\CCPUTranslateManager.obj
F:\kurui\trunk\HZ_DDZ\cocos2d\cocos\2d\Debug.win32\CCPUUtil.obj
F:\kurui\trunk\HZ_DDZ\cocos2d\cocos\2d\Debug.win32\CCPUVelocityMatchingAffector.obj
F:\kurui\trunk\HZ_DDZ\cocos2d\cocos\2d\Debug.win32\CCPUVelocityMatchingAffectorTranslator.obj
F:\kurui\trunk\HZ_DDZ\cocos2d\cocos\2d\Debug.win32\CCPUVertexEmitter.obj
F:\kurui\trunk\HZ_DDZ\cocos2d\cocos\2d\Debug.win32\CCPUVortexAffector.obj
F:\kurui\trunk\HZ_DDZ\cocos2d\cocos\2d\Debug.win32\CCPUVortexAffectorTranslator.obj
F:\kurui\trunk\HZ_DDZ\cocos2d\cocos\2d\Debug.win32\CCQuadCommand.obj
F:\kurui\trunk\HZ_DDZ\cocos2d\cocos\2d\Debug.win32\ccRandom.obj
F:\kurui\trunk\HZ_DDZ\cocos2d\cocos\2d\Debug.win32\CCRay.obj
F:\kurui\trunk\HZ_DDZ\cocos2d\cocos\2d\Debug.win32\CCRef.obj
F:\kurui\trunk\HZ_DDZ\cocos2d\cocos\2d\Debug.win32\CCRenderCommand.obj
F:\kurui\trunk\HZ_DDZ\cocos2d\cocos\2d\Debug.win32\CCRenderer.obj
F:\kurui\trunk\HZ_DDZ\cocos2d\cocos\2d\Debug.win32\CCRenderTexture.obj
F:\kurui\trunk\HZ_DDZ\cocos2d\cocos\2d\Debug.win32\CCSAXParser.obj
F:\kurui\trunk\HZ_DDZ\cocos2d\cocos\2d\Debug.win32\CCScale9SpriteLoader.obj
F:\kurui\trunk\HZ_DDZ\cocos2d\cocos\2d\Debug.win32\CCScene.obj
F:\kurui\trunk\HZ_DDZ\cocos2d\cocos\2d\Debug.win32\CCScheduler.obj
F:\kurui\trunk\HZ_DDZ\cocos2d\cocos\2d\Debug.win32\CCScriptSupport.obj
F:\kurui\trunk\HZ_DDZ\cocos2d\cocos\2d\Debug.win32\CCScrollView.obj
F:\kurui\trunk\HZ_DDZ\cocos2d\cocos\2d\Debug.win32\CCScrollViewLoader.obj
F:\kurui\trunk\HZ_DDZ\cocos2d\cocos\2d\Debug.win32\CCSet.obj
F:\kurui\trunk\HZ_DDZ\cocos2d\cocos\2d\Debug.win32\CCSGUIReader.obj
F:\kurui\trunk\HZ_DDZ\cocos2d\cocos\2d\Debug.win32\ccShaders.obj
F:\kurui\trunk\HZ_DDZ\cocos2d\cocos\2d\Debug.win32\CCSkeleton3D.obj
F:\kurui\trunk\HZ_DDZ\cocos2d\cocos\2d\Debug.win32\CCSkin.obj
F:\kurui\trunk\HZ_DDZ\cocos2d\cocos\2d\Debug.win32\CCSprite.obj
F:\kurui\trunk\HZ_DDZ\cocos2d\cocos\2d\Debug.win32\CCSprite3D.obj
F:\kurui\trunk\HZ_DDZ\cocos2d\cocos\2d\Debug.win32\CCSprite3DMaterial.obj
F:\kurui\trunk\HZ_DDZ\cocos2d\cocos\2d\Debug.win32\CCSpriteBatchNode.obj
F:\kurui\trunk\HZ_DDZ\cocos2d\cocos\2d\Debug.win32\CCSpriteFrame.obj
F:\kurui\trunk\HZ_DDZ\cocos2d\cocos\2d\Debug.win32\CCSpriteFrameCache.obj
F:\kurui\trunk\HZ_DDZ\cocos2d\cocos\2d\Debug.win32\CCSpriteFrameCacheHelper.obj
F:\kurui\trunk\HZ_DDZ\cocos2d\cocos\2d\Debug.win32\CCSpriteLoader.obj
F:\kurui\trunk\HZ_DDZ\cocos2d\cocos\2d\Debug.win32\CCSSceneReader.obj
F:\kurui\trunk\HZ_DDZ\cocos2d\cocos\2d\Debug.win32\CCStdC-win32.obj
F:\kurui\trunk\HZ_DDZ\cocos2d\cocos\2d\Debug.win32\CCString.obj
F:\kurui\trunk\HZ_DDZ\cocos2d\cocos\2d\Debug.win32\CCTableView.obj
F:\kurui\trunk\HZ_DDZ\cocos2d\cocos\2d\Debug.win32\CCTableViewCell.obj
F:\kurui\trunk\HZ_DDZ\cocos2d\cocos\2d\Debug.win32\CCTextFieldTTF.obj
F:\kurui\trunk\HZ_DDZ\cocos2d\cocos\2d\Debug.win32\CCTexture2D.obj
F:\kurui\trunk\HZ_DDZ\cocos2d\cocos\2d\Debug.win32\CCTextureAtlas.obj
F:\kurui\trunk\HZ_DDZ\cocos2d\cocos\2d\Debug.win32\CCTextureCache.obj
F:\kurui\trunk\HZ_DDZ\cocos2d\cocos\2d\Debug.win32\CCThread.obj
F:\kurui\trunk\HZ_DDZ\cocos2d\cocos\2d\Debug.win32\CCTileMapAtlas.obj
F:\kurui\trunk\HZ_DDZ\cocos2d\cocos\2d\Debug.win32\CCTimeLine.obj
F:\kurui\trunk\HZ_DDZ\cocos2d\cocos\2d\Debug.win32\CCTMXLayer.obj
F:\kurui\trunk\HZ_DDZ\cocos2d\cocos\2d\Debug.win32\CCTMXObjectGroup.obj
F:\kurui\trunk\HZ_DDZ\cocos2d\cocos\2d\Debug.win32\CCTMXTiledMap.obj
F:\kurui\trunk\HZ_DDZ\cocos2d\cocos\2d\Debug.win32\CCTMXXMLParser.obj
F:\kurui\trunk\HZ_DDZ\cocos2d\cocos\2d\Debug.win32\CCTouch.obj
F:\kurui\trunk\HZ_DDZ\cocos2d\cocos\2d\Debug.win32\CCTransformHelp.obj
F:\kurui\trunk\HZ_DDZ\cocos2d\cocos\2d\Debug.win32\CCTransition.obj
F:\kurui\trunk\HZ_DDZ\cocos2d\cocos\2d\Debug.win32\CCTransitionPageTurn.obj
F:\kurui\trunk\HZ_DDZ\cocos2d\cocos\2d\Debug.win32\CCTransitionProgress.obj
F:\kurui\trunk\HZ_DDZ\cocos2d\cocos\2d\Debug.win32\CCTrianglesCommand.obj
F:\kurui\trunk\HZ_DDZ\cocos2d\cocos\2d\Debug.win32\CCTween.obj
F:\kurui\trunk\HZ_DDZ\cocos2d\cocos\2d\Debug.win32\CCTweenFunction.obj
F:\kurui\trunk\HZ_DDZ\cocos2d\cocos\2d\Debug.win32\ccTypes.obj
F:\kurui\trunk\HZ_DDZ\cocos2d\cocos\2d\Debug.win32\CCUserDefault.obj
F:\kurui\trunk\HZ_DDZ\cocos2d\cocos\2d\Debug.win32\ccUTF8.obj
F:\kurui\trunk\HZ_DDZ\cocos2d\cocos\2d\Debug.win32\CCUtilMath.obj
F:\kurui\trunk\HZ_DDZ\cocos2d\cocos\2d\Debug.win32\ccUtils.obj
F:\kurui\trunk\HZ_DDZ\cocos2d\cocos\2d\Debug.win32\CCValue.obj
F:\kurui\trunk\HZ_DDZ\cocos2d\cocos\2d\Debug.win32\CCVertex.obj
F:\kurui\trunk\HZ_DDZ\cocos2d\cocos\2d\Debug.win32\CCVertexIndexBuffer.obj
F:\kurui\trunk\HZ_DDZ\cocos2d\cocos\2d\Debug.win32\CCVertexIndexData.obj
F:\kurui\trunk\HZ_DDZ\cocos2d\cocos\2d\Debug.win32\CheckBoxReader.obj
F:\kurui\trunk\HZ_DDZ\cocos2d\cocos\2d\Debug.win32\CocoLoader.obj
F:\kurui\trunk\HZ_DDZ\cocos2d\cocos\2d\Debug.win32\cocos2d.obj
F:\kurui\trunk\HZ_DDZ\cocos2d\cocos\2d\Debug.win32\CocosGUI.obj
F:\kurui\trunk\HZ_DDZ\cocos2d\cocos\2d\Debug.win32\ComAudioReader.obj
F:\kurui\trunk\HZ_DDZ\cocos2d\cocos\2d\Debug.win32\ConvertUTF.obj
F:\kurui\trunk\HZ_DDZ\cocos2d\cocos\2d\Debug.win32\ConvertUTFWrapper.obj
F:\kurui\trunk\HZ_DDZ\cocos2d\cocos\2d\Debug.win32\CSLoader.obj
F:\kurui\trunk\HZ_DDZ\cocos2d\cocos\2d\Debug.win32\DictionaryHelper.obj
F:\kurui\trunk\HZ_DDZ\cocos2d\cocos\2d\Debug.win32\Downloader.obj
F:\kurui\trunk\HZ_DDZ\cocos2d\cocos\2d\Debug.win32\edtaa3func.obj
F:\kurui\trunk\HZ_DDZ\cocos2d\cocos\2d\Debug.win32\etc1.obj
F:\kurui\trunk\HZ_DDZ\cocos2d\cocos\2d\Debug.win32\FlatBuffersSerialize.obj
F:\kurui\trunk\HZ_DDZ\cocos2d\cocos\2d\Debug.win32\flatc.obj
F:\kurui\trunk\HZ_DDZ\cocos2d\cocos\2d\Debug.win32\GameMapReader.obj
F:\kurui\trunk\HZ_DDZ\cocos2d\cocos\2d\Debug.win32\HttpClient.obj
F:\kurui\trunk\HZ_DDZ\cocos2d\cocos\2d\Debug.win32\idl_gen_cpp.obj
F:\kurui\trunk\HZ_DDZ\cocos2d\cocos\2d\Debug.win32\idl_gen_fbs.obj
F:\kurui\trunk\HZ_DDZ\cocos2d\cocos\2d\Debug.win32\idl_gen_general.obj
F:\kurui\trunk\HZ_DDZ\cocos2d\cocos\2d\Debug.win32\idl_gen_go.obj
F:\kurui\trunk\HZ_DDZ\cocos2d\cocos\2d\Debug.win32\idl_gen_text.obj
F:\kurui\trunk\HZ_DDZ\cocos2d\cocos\2d\Debug.win32\idl_parser.obj
F:\kurui\trunk\HZ_DDZ\cocos2d\cocos\2d\Debug.win32\ImageViewReader.obj
F:\kurui\trunk\HZ_DDZ\cocos2d\cocos\2d\Debug.win32\ioapi.obj
F:\kurui\trunk\HZ_DDZ\cocos2d\cocos\2d\Debug.win32\ioapi_mem.obj
F:\kurui\trunk\HZ_DDZ\cocos2d\cocos\2d\Debug.win32\LayoutReader.obj
F:\kurui\trunk\HZ_DDZ\cocos2d\cocos\2d\Debug.win32\ListViewReader.obj
F:\kurui\trunk\HZ_DDZ\cocos2d\cocos\2d\Debug.win32\LoadingBarReader.obj
F:\kurui\trunk\HZ_DDZ\cocos2d\cocos\2d\Debug.win32\LocalStorage.obj
F:\kurui\trunk\HZ_DDZ\cocos2d\cocos\2d\Debug.win32\Manifest.obj
F:\kurui\trunk\HZ_DDZ\cocos2d\cocos\2d\Debug.win32\Mat4.obj
F:\kurui\trunk\HZ_DDZ\cocos2d\cocos\2d\Debug.win32\MathUtil.obj
F:\kurui\trunk\HZ_DDZ\cocos2d\cocos\2d\Debug.win32\MciPlayer.obj
F:\kurui\trunk\HZ_DDZ\cocos2d\cocos\2d\Debug.win32\Node3DReader.obj
F:\kurui\trunk\HZ_DDZ\cocos2d\cocos\2d\Debug.win32\NodeReader.obj
F:\kurui\trunk\HZ_DDZ\cocos2d\cocos\2d\Debug.win32\NodeReaderDefine.obj
F:\kurui\trunk\HZ_DDZ\cocos2d\cocos\2d\Debug.win32\NodeReaderProtocol.obj
F:\kurui\trunk\HZ_DDZ\cocos2d\cocos\2d\Debug.win32\ObjectFactory.obj
F:\kurui\trunk\HZ_DDZ\cocos2d\cocos\2d\Debug.win32\PageViewReader.obj
F:\kurui\trunk\HZ_DDZ\cocos2d\cocos\2d\Debug.win32\Particle3DReader.obj
F:\kurui\trunk\HZ_DDZ\cocos2d\cocos\2d\Debug.win32\ParticleReader.obj
F:\kurui\trunk\HZ_DDZ\cocos2d\cocos\2d\Debug.win32\ProjectNodeReader.obj
F:\kurui\trunk\HZ_DDZ\cocos2d\cocos\2d\Debug.win32\pvr.obj
F:\kurui\trunk\HZ_DDZ\cocos2d\cocos\2d\Debug.win32\Quaternion.obj
F:\kurui\trunk\HZ_DDZ\cocos2d\cocos\2d\Debug.win32\s3tc.obj
F:\kurui\trunk\HZ_DDZ\cocos2d\cocos\2d\Debug.win32\ScrollViewReader.obj
F:\kurui\trunk\HZ_DDZ\cocos2d\cocos\2d\Debug.win32\SimpleAudioEngine.obj
F:\kurui\trunk\HZ_DDZ\cocos2d\cocos\2d\Debug.win32\SingleNodeReader.obj
F:\kurui\trunk\HZ_DDZ\cocos2d\cocos\2d\Debug.win32\SliderReader.obj
F:\kurui\trunk\HZ_DDZ\cocos2d\cocos\2d\Debug.win32\SocketIO.obj
F:\kurui\trunk\HZ_DDZ\cocos2d\cocos\2d\Debug.win32\Sprite3DReader.obj
F:\kurui\trunk\HZ_DDZ\cocos2d\cocos\2d\Debug.win32\SpriteReader.obj
F:\kurui\trunk\HZ_DDZ\cocos2d\cocos\2d\Debug.win32\TextAtlasReader.obj
F:\kurui\trunk\HZ_DDZ\cocos2d\cocos\2d\Debug.win32\TextBMFontReader.obj
F:\kurui\trunk\HZ_DDZ\cocos2d\cocos\2d\Debug.win32\TextFieldReader.obj
F:\kurui\trunk\HZ_DDZ\cocos2d\cocos\2d\Debug.win32\TextReader.obj
F:\kurui\trunk\HZ_DDZ\cocos2d\cocos\2d\Debug.win32\TGAlib.obj
F:\kurui\trunk\HZ_DDZ\cocos2d\cocos\2d\Debug.win32\tinyxml2.obj
F:\kurui\trunk\HZ_DDZ\cocos2d\cocos\2d\Debug.win32\TransformUtils.obj
F:\kurui\trunk\HZ_DDZ\cocos2d\cocos\2d\Debug.win32\TriggerBase.obj
F:\kurui\trunk\HZ_DDZ\cocos2d\cocos\2d\Debug.win32\TriggerMng.obj
F:\kurui\trunk\HZ_DDZ\cocos2d\cocos\2d\Debug.win32\TriggerObj.obj
F:\kurui\trunk\HZ_DDZ\cocos2d\cocos\2d\Debug.win32\UIButton.obj
F:\kurui\trunk\HZ_DDZ\cocos2d\cocos\2d\Debug.win32\UICheckBox.obj
F:\kurui\trunk\HZ_DDZ\cocos2d\cocos\2d\Debug.win32\UIDeprecated.obj
F:\kurui\trunk\HZ_DDZ\cocos2d\cocos\2d\Debug.win32\UIEditBox.obj
F:\kurui\trunk\HZ_DDZ\cocos2d\cocos\2d\Debug.win32\UIEditBoxImpl-win32.obj
F:\kurui\trunk\HZ_DDZ\cocos2d\cocos\2d\Debug.win32\UIHBox.obj
F:\kurui\trunk\HZ_DDZ\cocos2d\cocos\2d\Debug.win32\UIHelper.obj
F:\kurui\trunk\HZ_DDZ\cocos2d\cocos\2d\Debug.win32\UIImageView.obj
F:\kurui\trunk\HZ_DDZ\cocos2d\cocos\2d\Debug.win32\UILayout.obj
F:\kurui\trunk\HZ_DDZ\cocos2d\cocos\2d\Debug.win32\UILayoutComponent.obj
F:\kurui\trunk\HZ_DDZ\cocos2d\cocos\2d\Debug.win32\UILayoutManager.obj
F:\kurui\trunk\HZ_DDZ\cocos2d\cocos\2d\Debug.win32\UILayoutParameter.obj
F:\kurui\trunk\HZ_DDZ\cocos2d\cocos\2d\Debug.win32\UIListView.obj
F:\kurui\trunk\HZ_DDZ\cocos2d\cocos\2d\Debug.win32\UILoadingBar.obj
F:\kurui\trunk\HZ_DDZ\cocos2d\cocos\2d\Debug.win32\UIPageView.obj
F:\kurui\trunk\HZ_DDZ\cocos2d\cocos\2d\Debug.win32\UIRelativeBox.obj
F:\kurui\trunk\HZ_DDZ\cocos2d\cocos\2d\Debug.win32\UIRichText.obj
F:\kurui\trunk\HZ_DDZ\cocos2d\cocos\2d\Debug.win32\UIScale9Sprite.obj
F:\kurui\trunk\HZ_DDZ\cocos2d\cocos\2d\Debug.win32\UIScrollView.obj
F:\kurui\trunk\HZ_DDZ\cocos2d\cocos\2d\Debug.win32\UIShaders.obj
F:\kurui\trunk\HZ_DDZ\cocos2d\cocos\2d\Debug.win32\UISlider.obj
F:\kurui\trunk\HZ_DDZ\cocos2d\cocos\2d\Debug.win32\UIText.obj
F:\kurui\trunk\HZ_DDZ\cocos2d\cocos\2d\Debug.win32\UITextAtlas.obj
F:\kurui\trunk\HZ_DDZ\cocos2d\cocos\2d\Debug.win32\UITextBMFont.obj
F:\kurui\trunk\HZ_DDZ\cocos2d\cocos\2d\Debug.win32\UITextField.obj
F:\kurui\trunk\HZ_DDZ\cocos2d\cocos\2d\Debug.win32\UIVBox.obj
F:\kurui\trunk\HZ_DDZ\cocos2d\cocos\2d\Debug.win32\UIWebView.obj
F:\kurui\trunk\HZ_DDZ\cocos2d\cocos\2d\Debug.win32\UIWidget.obj
F:\kurui\trunk\HZ_DDZ\cocos2d\cocos\2d\Debug.win32\unzip.obj
F:\kurui\trunk\HZ_DDZ\cocos2d\cocos\2d\Debug.win32\UserCameraReader.obj
F:\kurui\trunk\HZ_DDZ\cocos2d\cocos\2d\Debug.win32\Vec2.obj
F:\kurui\trunk\HZ_DDZ\cocos2d\cocos\2d\Debug.win32\Vec3.obj
F:\kurui\trunk\HZ_DDZ\cocos2d\cocos\2d\Debug.win32\Vec4.obj
F:\kurui\trunk\HZ_DDZ\cocos2d\cocos\2d\Debug.win32\WebSocket.obj
F:\kurui\trunk\HZ_DDZ\cocos2d\cocos\2d\Debug.win32\WidgetCallBackHandlerProtocol.obj
F:\kurui\trunk\HZ_DDZ\cocos2d\cocos\2d\Debug.win32\WidgetReader.obj
F:\kurui\trunk\HZ_DDZ\cocos2d\cocos\2d\Debug.win32\xxhash.obj
F:\kurui\trunk\HZ_DDZ\cocos2d\cocos\2d\Debug.win32\ZipUtils.obj
F:\kurui\trunk\HZ_DDZ\cocos2d\cocos\2d\Debug.win32\CL.14280.read.1.tlog
F:\kurui\trunk\HZ_DDZ\cocos2d\cocos\2d\Debug.win32\CL.14280.write.1.tlog
F:\kurui\trunk\HZ_DDZ\cocos2d\cocos\2d\Debug.win32\CL.17152.read.1.tlog
F:\kurui\trunk\HZ_DDZ\cocos2d\cocos\2d\Debug.win32\CL.17152.write.1.tlog
F:\kurui\trunk\HZ_DDZ\cocos2d\cocos\2d\Debug.win32\CL.19220.read.1.tlog
F:\kurui\trunk\HZ_DDZ\cocos2d\cocos\2d\Debug.win32\CL.19220.write.1.tlog
F:\kurui\trunk\HZ_DDZ\cocos2d\cocos\2d\Debug.win32\CL.800.read.1.tlog
F:\kurui\trunk\HZ_DDZ\cocos2d\cocos\2d\Debug.win32\CL.800.write.1.tlog
F:\kurui\trunk\HZ_DDZ\cocos2d\cocos\2d\Debug.win32\cl.command.1.tlog
F:\kurui\trunk\HZ_DDZ\cocos2d\cocos\2d\Debug.win32\CL.read.1.tlog
F:\kurui\trunk\HZ_DDZ\cocos2d\cocos\2d\Debug.win32\cl.write.1.tlog
F:\kurui\trunk\HZ_DDZ\cocos2d\cocos\2d\Debug.win32\libcocos2d.write.1.tlog
F:\kurui\trunk\HZ_DDZ\cocos2d\cocos\2d\Debug.win32\link-cvtres.read.1.tlog
F:\kurui\trunk\HZ_DDZ\cocos2d\cocos\2d\Debug.win32\link-cvtres.write.1.tlog
F:\kurui\trunk\HZ_DDZ\cocos2d\cocos\2d\Debug.win32\link-rc.read.1.tlog
F:\kurui\trunk\HZ_DDZ\cocos2d\cocos\2d\Debug.win32\link-rc.write.1.tlog
F:\kurui\trunk\HZ_DDZ\cocos2d\cocos\2d\Debug.win32\link.command.1.tlog
F:\kurui\trunk\HZ_DDZ\cocos2d\cocos\2d\Debug.win32\link.read.1.tlog
F:\kurui\trunk\HZ_DDZ\cocos2d\cocos\2d\Debug.win32\link.write.1.tlog
F:\kurui\trunk\HZ_DDZ\proj.win32\Debug.win32\libcocos2d.dll
